#
# A fatal error has been detected by the Java Runtime Environment:
#
#  EXCEPTION_ACCESS_VIOLATION (0xc0000005) at pc=0x5b8f9ab1, pid=13796, tid=0x000019a8
#
# JRE version: Java(TM) SE Runtime Environment (8.0_144-b01) (build 1.8.0_144-b01)
# Java VM: Java HotSpot(TM) Client VM (25.144-b01 mixed mode windows-x86 )
# Problematic frame:
# C  [awt.dll+0xa9ab1]
#
# Failed to write core dump. Minidumps are not enabled by default on client versions of Windows
#
# If you would like to submit a bug report, please visit:
#   http://bugreport.java.com/bugreport/crash.jsp
# The crash happened outside the Java Virtual Machine in native code.
# See problematic frame for where to report the bug.
#

---------------  T H R E A D  ---------------

Current thread (0x27405800):  JavaThread "AWT-EventQueue-0" [_thread_in_native, id=6568, stack(0x28620000,0x28670000)]

siginfo: ExceptionCode=0xc0000005, reading address 0x00000004

Registers:
EAX=0x0000000d, EBX=0x04012bb1, ECX=0x00000000, EDX=0x017c1898
ESP=0x2866dab8, EBP=0x772d4840, ESI=0x2778b838, EDI=0x276e61f0
EIP=0x5b8f9ab1, EFLAGS=0x00010293

Top of Stack: (sp=0x2866dab8)
0x2866dab8:   5b87e936 04012bb1 276e61f0 27405940
0x2866dac8:   2866db88 2866e080 5b8ab333 27405940
0x2866dad8:   276e61f0 2866e080 5b8ab34a 00000001
0x2866dae8:   00000000 00000000 5b87bb85 27405940
0x2866daf8:   2866e080 27405800 28c23138 28c23138
0x2866db08:   27405800 fffffffe 2866db20 274c2818
0x2866db18:   2866e07c 27405940 2866db88 57ec55b5
0x2866db28:   27405800 00000006 00000004 27405800 

Instructions: (pc=0x5b8f9ab1)
0x5b8f9a91:   00 00 c3 8b 41 04 8b 80 0c 0c 00 00 c3 8b 01 83
0x5b8f9aa1:   78 04 08 7e 03 33 c0 c3 8b 49 04 e9 e4 eb fe ff
0x5b8f9ab1:   8b 49 04 85 c9 74 05 e9 f2 e9 fe ff 33 c0 c2 04
0x5b8f9ac1:   00 8b 49 04 85 c9 74 05 e9 07 ea fe ff c2 04 00 


Register to memory mapping:

EAX=0x0000000d is an unknown value
EBX=0x04012bb1 is an unknown value
ECX=0x00000000 is an unknown value
EDX=0x017c1898 is an unknown value
ESP=0x2866dab8 is pointing into the stack for thread: 0x27405800
EBP=0x772d4840 is an unknown value
ESI=0x2778b838 is an unknown value
EDI=0x276e61f0 is an unknown value


Stack: [0x28620000,0x28670000],  sp=0x2866dab8,  free space=310k
Native frames: (J=compiled Java code, j=interpreted, Vv=VM code, C=native code)
C  [awt.dll+0xa9ab1]

Java frames: (J=compiled Java code, j=interpreted, Vv=VM code)
j  sun.java2d.windows.GDIBlitLoops.nativeBlit(Lsun/java2d/SurfaceData;Lsun/java2d/SurfaceData;Lsun/java2d/pipe/Region;IIIIIIIIIZ)V+0
j  sun.java2d.windows.GDIBlitLoops.Blit(Lsun/java2d/SurfaceData;Lsun/java2d/SurfaceData;Ljava/awt/Composite;Lsun/java2d/pipe/Region;IIIIII)V+33
J 1895 C1 sun.java2d.pipe.DrawImage.blitSurfaceData(Lsun/java2d/SunGraphics2D;Lsun/java2d/pipe/Region;Lsun/java2d/SurfaceData;Lsun/java2d/SurfaceData;Lsun/java2d/loops/SurfaceType;Lsun/java2d/loops/SurfaceType;IIIIIILjava/awt/Color;)V (145 bytes) @ 0x034ab4c0 [0x034ab2a0+0x220]
J 1894 C1 sun.java2d.pipe.DrawImage.renderImageCopy(Lsun/java2d/SunGraphics2D;Ljava/awt/Image;Ljava/awt/Color;IIIIII)Z (147 bytes) @ 0x034aab9c [0x034aaa80+0x11c]
J 1897 C1 sun.java2d.pipe.DrawImage.copyImage(Lsun/java2d/SunGraphics2D;Ljava/awt/Image;IILjava/awt/Color;)Z (105 bytes) @ 0x034ac1b0 [0x034abfd0+0x1e0]
J 1871 C1 sun.java2d.pipe.DrawImage.copyImage(Lsun/java2d/SunGraphics2D;Ljava/awt/Image;IILjava/awt/Color;Ljava/awt/image/ImageObserver;)Z (60 bytes) @ 0x034a5368 [0x034a5200+0x168]
j  sun.java2d.pipe.ValidatePipe.copyImage(Lsun/java2d/SunGraphics2D;Ljava/awt/Image;IILjava/awt/Color;Ljava/awt/image/ImageObserver;)Z+21
J 1870 C1 sun.java2d.SunGraphics2D.drawImage(Ljava/awt/Image;IILjava/awt/Color;Ljava/awt/image/ImageObserver;)Z (145 bytes) @ 0x034a49cc [0x034a47d0+0x1fc]
J 1899 C1 sun.java2d.SunGraphics2D.drawImage(Ljava/awt/Image;IILjava/awt/image/ImageObserver;)Z (11 bytes) @ 0x034acfc0 [0x034acf80+0x40]
J 1912 C1 javax.swing.RepaintManager$PaintManager.paintDoubleBuffered(Ljavax/swing/JComponent;Ljava/awt/Image;Ljava/awt/Graphics;IIII)V (294 bytes) @ 0x034aefc8 [0x034aee20+0x1a8]
J 2210 C1 javax.swing.RepaintManager$PaintManager.paint(Ljavax/swing/JComponent;Ljavax/swing/JComponent;Ljava/awt/Graphics;IIII)Z (189 bytes) @ 0x0352f1cc [0x0352ef90+0x23c]
j  javax.swing.RepaintManager.paint(Ljavax/swing/JComponent;Ljavax/swing/JComponent;Ljava/awt/Graphics;IIII)V+51
j  javax.swing.JComponent.paint(Ljava/awt/Graphics;)V+221
j  java.awt.GraphicsCallback$PaintCallback.run(Ljava/awt/Component;Ljava/awt/Graphics;)V+2
j  sun.awt.SunGraphicsCallback.runOneComponent(Ljava/awt/Component;Ljava/awt/Rectangle;Ljava/awt/Graphics;Ljava/awt/Shape;I)V+155
j  sun.awt.SunGraphicsCallback.runComponents([Ljava/awt/Component;Ljava/awt/Graphics;I)V+194
j  java.awt.Container.paint(Ljava/awt/Graphics;)V+58
j  java.awt.Window.paint(Ljava/awt/Graphics;)V+68
j  javax.swing.RepaintManager$4.run()Ljava/lang/Void;+142
j  javax.swing.RepaintManager$4.run()Ljava/lang/Object;+1
v  ~StubRoutines::call_stub
J 1649  java.security.AccessController.doPrivileged(Ljava/security/PrivilegedAction;Ljava/security/AccessControlContext;)Ljava/lang/Object; (0 bytes) @ 0x0344dcc7 [0x0344dc60+0x67]
J 2171 C1 javax.swing.RepaintManager.paintDirtyRegions(Ljava/util/Map;)V (196 bytes) @ 0x03520c7c [0x035208a0+0x3dc]
j  javax.swing.RepaintManager.paintDirtyRegions()V+46
j  javax.swing.RepaintManager.prePaintDirtyRegions()V+73
j  javax.swing.RepaintManager.access$1200(Ljavax/swing/RepaintManager;)V+1
j  javax.swing.RepaintManager$ProcessingRunnable.run()V+37
J 2194 C1 java.awt.event.InvocationEvent.dispatch()V (69 bytes) @ 0x0352b51c [0x0352b430+0xec]
J 1793 C1 java.awt.EventQueue.dispatchEventImpl(Ljava/awt/AWTEvent;Ljava/lang/Object;)V (149 bytes) @ 0x0348b00c [0x0348ab50+0x4bc]
J 1790 C1 java.awt.EventQueue$3.run()Ljava/lang/Void; (60 bytes) @ 0x0348a2dc [0x0348a280+0x5c]
J 1789 C1 java.awt.EventQueue$3.run()Ljava/lang/Object; (5 bytes) @ 0x0348a060 [0x0348a040+0x20]
v  ~StubRoutines::call_stub
J 1649  java.security.AccessController.doPrivileged(Ljava/security/PrivilegedAction;Ljava/security/AccessControlContext;)Ljava/lang/Object; (0 bytes) @ 0x0344dcc7 [0x0344dc60+0x67]
J 1786 C1 java.awt.EventQueue.dispatchEvent(Ljava/awt/AWTEvent;)V (80 bytes) @ 0x03488e48 [0x03488c40+0x208]
J 1658 C1 java.awt.EventDispatchThread.pumpOneEventForFilters(I)V (295 bytes) @ 0x03451790 [0x03451100+0x690]
j  java.awt.EventDispatchThread.pumpEventsForFilter(ILjava/awt/Conditional;Ljava/awt/EventFilter;)V+35
j  java.awt.EventDispatchThread.pumpEventsForHierarchy(ILjava/awt/Conditional;Ljava/awt/Component;)V+11
j  java.awt.EventDispatchThread.pumpEvents(ILjava/awt/Conditional;)V+4
j  java.awt.EventDispatchThread.pumpEvents(Ljava/awt/Conditional;)V+3
j  java.awt.EventDispatchThread.run()V+9
v  ~StubRoutines::call_stub

---------------  P R O C E S S  ---------------

Java Threads: ( => current thread )
  0x276de400 JavaThread "JmDNS(fe80-0-0-0-571-21d1-b385-611b-wlan1.local.).State.Timer" daemon [_thread_blocked, id=9528, stack(0x26dc0000,0x26e10000)]
  0x276e1c00 JavaThread "JmDNS(fe80-0-0-0-571-21d1-b385-611b-wlan1.local.).Timer" daemon [_thread_blocked, id=5280, stack(0x26d30000,0x26d80000)]
  0x276e1000 JavaThread "SocketListener(fe80-0-0-0-571-21d1-b385-611b-wlan1.local.)" daemon [_thread_in_native, id=11032, stack(0x26ca0000,0x26cf0000)]
  0x276e5400 JavaThread "JmDNS(10-20-39-180.local.).State.Timer" daemon [_thread_blocked, id=5452, stack(0x01550000,0x015a0000)]
  0x276e4c00 JavaThread "JmDNS(10-20-39-180.local.).Timer" daemon [_thread_blocked, id=13872, stack(0x01460000,0x014b0000)]
  0x276ddc00 JavaThread "SocketListener(10-20-39-180.local.)" daemon [_thread_in_native, id=14848, stack(0x013d0000,0x01420000)]
  0x276e0400 JavaThread "DestroyJavaVM" [_thread_blocked, id=12084, stack(0x02e30000,0x02e80000)]
  0x276e0800 JavaThread "Timer-1" [_thread_blocked, id=11172, stack(0x283d0000,0x28420000)]
  0x27406c00 JavaThread "TimerQueue" daemon [_thread_blocked, id=14792, stack(0x29360000,0x293b0000)]
  0x27406400 JavaThread "Batik CleanerThread" daemon [_thread_blocked, id=2368, stack(0x28950000,0x289a0000)]
=>0x27405800 JavaThread "AWT-EventQueue-0" [_thread_in_native, id=6568, stack(0x28620000,0x28670000)]
  0x27404800 JavaThread "AWT-Shutdown" [_thread_blocked, id=8816, stack(0x26890000,0x268e0000)]
  0x27404000 JavaThread "Timer-0" [_thread_blocked, id=12472, stack(0x28340000,0x28390000)]
  0x273d0400 JavaThread "Multihomed mDNS.Timer" daemon [_thread_blocked, id=13808, stack(0x27e40000,0x27e90000)]
  0x273bc400 JavaThread "cc.arduino.packages.discoverers.serial.SerialBoardsLister" [_thread_blocked, id=8176, stack(0x27db0000,0x27e00000)]
  0x264eec00 JavaThread "AWT-Windows" daemon [_thread_in_native, id=14952, stack(0x26a50000,0x26aa0000)]
  0x264ecc00 JavaThread "Java2D Disposer" daemon [_thread_blocked, id=6244, stack(0x26930000,0x26980000)]
  0x25d83800 JavaThread "Service Thread" daemon [_thread_blocked, id=6432, stack(0x26180000,0x261d0000)]
  0x25d62000 JavaThread "C1 CompilerThread0" daemon [_thread_blocked, id=6636, stack(0x260f0000,0x26140000)]
  0x25d60c00 JavaThread "Attach Listener" daemon [_thread_blocked, id=13376, stack(0x26060000,0x260b0000)]
  0x25d5d000 JavaThread "Signal Dispatcher" daemon [_thread_blocked, id=8276, stack(0x257b0000,0x25800000)]
  0x25d4a400 JavaThread "Finalizer" daemon [_thread_blocked, id=5236, stack(0x25970000,0x259c0000)]
  0x25d34800 JavaThread "Reference Handler" daemon [_thread_blocked, id=3884, stack(0x258e0000,0x25930000)]

Other Threads:
  0x02e0e000 VMThread [stack: 0x25850000,0x258a0000] [id=15264]
  0x25d8ec00 WatcherThread [stack: 0x26210000,0x26260000] [id=7968]

VM state:not at safepoint (normal execution)

VM Mutex/Monitor currently owned by a thread: None

Heap:
 def new generation   total 39424K, used 9845K [0x05200000, 0x07cc0000, 0x0fca0000)
  eden space 35072K,  23% used [0x05200000, 0x059e2e28, 0x07440000)
  from space 4352K,  40% used [0x07880000, 0x07a3a900, 0x07cc0000)
  to   space 4352K,   0% used [0x07440000, 0x07440000, 0x07880000)
 tenured generation   total 87424K, used 28607K [0x0fca0000, 0x15200000, 0x25200000)
   the space 87424K,  32% used [0x0fca0000, 0x1188fd28, 0x1188fe00, 0x15200000)
 Metaspace       used 18694K, capacity 19164K, committed 19200K, reserved 19840K

Card table byte_map: [0x25200000,0x25310000] byte_map_base: 0x251d7000

Polling page: 0x02e10000

CodeCache: size=32768Kb used=4139Kb max_used=4139Kb free=28628Kb
 bounds [0x03160000, 0x03570000, 0x05160000]
 total_blobs=2587 nmethods=2311 adapters=205
 compilation: enabled

Compilation events (10 events):
Event: 55260.449 Thread 0x25d62000 2343             java.util.concurrent.ConcurrentHashMap$BaseIterator::<init> (21 bytes)
Event: 55260.449 Thread 0x25d62000 nmethod 2343 0x03569f48 code [0x0356a050, 0x0356a128]
Event: 55370.193 Thread 0x25d62000 2344             java.util.concurrent.ConcurrentHashMap$ValueIterator::<init> (12 bytes)
Event: 55370.193 Thread 0x25d62000 nmethod 2344 0x0356a1c8 code [0x0356a2d0, 0x0356a3a8]
Event: 55474.947 Thread 0x25d62000 2346             javax.jmdns.impl.constants.DNSRecordClass::classForIndex (77 bytes)
Event: 55474.948 Thread 0x25d62000 nmethod 2346 0x0356a748 code [0x0356a8a0, 0x0356ab4c]
Event: 55474.949 Thread 0x25d62000 2347             javax.jmdns.impl.ServiceInfoImpl::removeSeparators (65 bytes)
Event: 55474.949 Thread 0x25d62000 nmethod 2347 0x0356ae08 code [0x0356af60, 0x0356b124]
Event: 55476.951 Thread 0x25d62000 2348             java.util.HashMap$ValueIterator::next (8 bytes)
Event: 55476.951 Thread 0x25d62000 nmethod 2348 0x0356b3c8 code [0x0356b4d0, 0x0356b56c]

GC Heap History (10 events):
Event: 1.463 GC heap before
{Heap before GC invocations=1 (full 0):
 def new generation   total 39296K, used 39296K [0x05200000, 0x07ca0000, 0x0fca0000)
  eden space 34944K, 100% used [0x05200000, 0x07420000, 0x07420000)
  from space 4352K, 100% used [0x07860000, 0x07ca0000, 0x07ca0000)
  to   space 4352K,   0% used [0x07420000, 0x07420000, 0x07860000)
 tenured generation   total 87424K, used 2847K [0x0fca0000, 0x15200000, 0x25200000)
   the space 87424K,   3% used [0x0fca0000, 0x0ff67e78, 0x0ff68000, 0x15200000)
 Metaspace       used 11399K, capacity 11701K, committed 11776K, reserved 12672K
Event: 1.486 GC heap after
Heap after GC invocations=2 (full 0):
 def new generation   total 39296K, used 4352K [0x05200000, 0x07ca0000, 0x0fca0000)
  eden space 34944K,   0% used [0x05200000, 0x05200000, 0x07420000)
  from space 4352K, 100% used [0x07420000, 0x07860000, 0x07860000)
  to   space 4352K,   0% used [0x07860000, 0x07860000, 0x07ca0000)
 tenured generation   total 87424K, used 11583K [0x0fca0000, 0x15200000, 0x25200000)
   the space 87424K,  13% used [0x0fca0000, 0x107efed0, 0x107f0000, 0x15200000)
 Metaspace       used 11399K, capacity 11701K, committed 11776K, reserved 12672K
}
Event: 1.637 GC heap before
{Heap before GC invocations=2 (full 0):
 def new generation   total 39296K, used 16278K [0x05200000, 0x07ca0000, 0x0fca0000)
  eden space 34944K,  34% used [0x05200000, 0x05da5898, 0x07420000)
  from space 4352K, 100% used [0x07420000, 0x07860000, 0x07860000)
  to   space 4352K,   0% used [0x07860000, 0x07860000, 0x07ca0000)
 tenured generation   total 87424K, used 11583K [0x0fca0000, 0x15200000, 0x25200000)
   the space 87424K,  13% used [0x0fca0000, 0x107efed0, 0x107f0000, 0x15200000)
 Metaspace       used 11943K, capacity 12258K, committed 12288K, reserved 12672K
Event: 1.663 GC heap after
Heap after GC invocations=3 (full 1):
 def new generation   total 39424K, used 0K [0x05200000, 0x07cc0000, 0x0fca0000)
  eden space 35072K,   0% used [0x05200000, 0x05200000, 0x07440000)
  from space 4352K,   0% used [0x07440000, 0x07440000, 0x07880000)
  to   space 4352K,   0% used [0x07880000, 0x07880000, 0x07cc0000)
 tenured generation   total 87424K, used 16762K [0x0fca0000, 0x15200000, 0x25200000)
   the space 87424K,  19% used [0x0fca0000, 0x10cfeae8, 0x10cfec00, 0x15200000)
 Metaspace       used 11943K, capacity 12258K, committed 12288K, reserved 12672K
}
Event: 2.464 GC heap before
{Heap before GC invocations=3 (full 1):
 def new generation   total 39424K, used 35072K [0x05200000, 0x07cc0000, 0x0fca0000)
  eden space 35072K, 100% used [0x05200000, 0x07440000, 0x07440000)
  from space 4352K,   0% used [0x07440000, 0x07440000, 0x07880000)
  to   space 4352K,   0% used [0x07880000, 0x07880000, 0x07cc0000)
 tenured generation   total 87424K, used 16762K [0x0fca0000, 0x15200000, 0x25200000)
   the space 87424K,  19% used [0x0fca0000, 0x10cfeae8, 0x10cfec00, 0x15200000)
 Metaspace       used 16870K, capacity 17291K, committed 17408K, reserved 17792K
Event: 2.473 GC heap after
Heap after GC invocations=4 (full 1):
 def new generation   total 39424K, used 4352K [0x05200000, 0x07cc0000, 0x0fca0000)
  eden space 35072K,   0% used [0x05200000, 0x05200000, 0x07440000)
  from space 4352K, 100% used [0x07880000, 0x07cc0000, 0x07cc0000)
  to   space 4352K,   0% used [0x07440000, 0x07440000, 0x07880000)
 tenured generation   total 87424K, used 18620K [0x0fca0000, 0x15200000, 0x25200000)
   the space 87424K,  21% used [0x0fca0000, 0x10ecf3e0, 0x10ecf400, 0x15200000)
 Metaspace       used 16870K, capacity 17291K, committed 17408K, reserved 17792K
}
Event: 63.522 GC heap before
{Heap before GC invocations=4 (full 1):
 def new generation   total 39424K, used 39424K [0x05200000, 0x07cc0000, 0x0fca0000)
  eden space 35072K, 100% used [0x05200000, 0x07440000, 0x07440000)
  from space 4352K, 100% used [0x07880000, 0x07cc0000, 0x07cc0000)
  to   space 4352K,   0% used [0x07440000, 0x07440000, 0x07880000)
 tenured generation   total 87424K, used 18620K [0x0fca0000, 0x15200000, 0x25200000)
   the space 87424K,  21% used [0x0fca0000, 0x10ecf3e0, 0x10ecf400, 0x15200000)
 Metaspace       used 18175K, capacity 18642K, committed 18688K, reserved 18816K
Event: 63.534 GC heap after
Heap after GC invocations=5 (full 1):
 def new generation   total 39424K, used 4352K [0x05200000, 0x07cc0000, 0x0fca0000)
  eden space 35072K,   0% used [0x05200000, 0x05200000, 0x07440000)
  from space 4352K, 100% used [0x07440000, 0x07880000, 0x07880000)
  to   space 4352K,   0% used [0x07880000, 0x07880000, 0x07cc0000)
 tenured generation   total 87424K, used 24282K [0x0fca0000, 0x15200000, 0x25200000)
   the space 87424K,  27% used [0x0fca0000, 0x11456918, 0x11456a00, 0x15200000)
 Metaspace       used 18175K, capacity 18642K, committed 18688K, reserved 18816K
}
Event: 53970.473 GC heap before
{Heap before GC invocations=5 (full 1):
 def new generation   total 39424K, used 39424K [0x05200000, 0x07cc0000, 0x0fca0000)
  eden space 35072K, 100% used [0x05200000, 0x07440000, 0x07440000)
  from space 4352K, 100% used [0x07440000, 0x07880000, 0x07880000)
  to   space 4352K,   0% used [0x07880000, 0x07880000, 0x07cc0000)
 tenured generation   total 87424K, used 24282K [0x0fca0000, 0x15200000, 0x25200000)
   the space 87424K,  27% used [0x0fca0000, 0x11456918, 0x11456a00, 0x15200000)
 Metaspace       used 18694K, capacity 19164K, committed 19200K, reserved 19840K
Event: 53970.534 GC heap after
Heap after GC invocations=6 (full 1):
 def new generation   total 39424K, used 1770K [0x05200000, 0x07cc0000, 0x0fca0000)
  eden space 35072K,   0% used [0x05200000, 0x05200000, 0x07440000)
  from space 4352K,  40% used [0x07880000, 0x07a3a900, 0x07cc0000)
  to   space 4352K,   0% used [0x07440000, 0x07440000, 0x07880000)
 tenured generation   total 87424K, used 28607K [0x0fca0000, 0x15200000, 0x25200000)
   the space 87424K,  32% used [0x0fca0000, 0x1188fd28, 0x1188fe00, 0x15200000)
 Metaspace       used 18694K, capacity 19164K, committed 19200K, reserved 19840K
}

Deoptimization events (0 events):
No events

Internal exceptions (10 events):
Event: 106.155 Thread 0x276df400 Exception <a 'sun/nio/fs/WindowsException'> (0x067bcc28) thrown at [C:\workspace\8-2-build-windows-i586-cygwin\jdk8u144\9417\hotspot\src\share\vm\prims\jni.cpp, line 709]
Event: 29789.105 Thread 0x273d0400 Exception <a 'java/net/SocketException': error setting options> (0x06a40310) thrown at [C:\workspace\8-2-build-windows-i586-cygwin\jdk8u144\9417\hotspot\src\share\vm\prims\jni.cpp, line 735]
Event: 29789.105 Thread 0x273d1000 Exception <a 'java/net/SocketException': socket closed> (0x06a810a0) thrown at [C:\workspace\8-2-build-windows-i586-cygwin\jdk8u144\9417\hotspot\src\share\vm\prims\jni.cpp, line 735]
Event: 29795.117 Thread 0x27405400 Exception <a 'java/net/SocketException': socket closed> (0x06a93b48) thrown at [C:\workspace\8-2-build-windows-i586-cygwin\jdk8u144\9417\hotspot\src\share\vm\prims\jni.cpp, line 735]
Event: 29806.239 Thread 0x273d0400 Exception <a 'java/net/UnknownHostException': DESKTOP-3CMHFHK.uwaterloo.ca> (0x06a477b0) thrown at [C:\workspace\8-2-build-windows-i586-cygwin\jdk8u144\9417\hotspot\src\share\vm\prims\jni.cpp, line 735]
Event: 30570.299 Thread 0x273d0400 Exception <a 'java/net/UnknownHostException': DESKTOP-3CMHFHK.uwaterloo.ca> (0x06b65640) thrown at [C:\workspace\8-2-build-windows-i586-cygwin\jdk8u144\9417\hotspot\src\share\vm\prims\jni.cpp, line 735]
Event: 40261.904 Thread 0x273d0400 Exception <a 'java/net/SocketException': error setting options> (0x07183828) thrown at [C:\workspace\8-2-build-windows-i586-cygwin\jdk8u144\9417\hotspot\src\share\vm\prims\jni.cpp, line 735]
Event: 40261.906 Thread 0x276e1000 Exception <a 'java/net/SocketException': socket closed> (0x06c9e290) thrown at [C:\workspace\8-2-build-windows-i586-cygwin\jdk8u144\9417\hotspot\src\share\vm\prims\jni.cpp, line 735]
Event: 52923.196 Thread 0x276e3c00 Exception <a 'java/net/SocketException': socket closed> (0x0719dbc8) thrown at [C:\workspace\8-2-build-windows-i586-cygwin\jdk8u144\9417\hotspot\src\share\vm\prims\jni.cpp, line 735]
Event: 52935.046 Thread 0x273d0400 Exception <a 'java/net/UnknownHostException': DESKTOP-3CMHFHK.uwaterloo.ca> (0x071ad3a8) thrown at [C:\workspace\8-2-build-windows-i586-cygwin\jdk8u144\9417\hotspot\src\share\vm\prims\jni.cpp, line 735]

Events (10 events):
Event: 53970.537 Executing VM operation: RevokeBias
Event: 53970.538 Executing VM operation: RevokeBias done
Event: 53970.538 Executing VM operation: RevokeBias
Event: 53970.538 Executing VM operation: RevokeBias done
Event: 53970.538 Executing VM operation: RevokeBias
Event: 53970.538 Executing VM operation: RevokeBias done
Event: 53970.538 Executing VM operation: RevokeBias
Event: 53970.538 Executing VM operation: RevokeBias done
Event: 53970.538 Executing VM operation: RevokeBias
Event: 53970.538 Executing VM operation: RevokeBias done


Dynamic libraries:
0x00250000 - 0x00283000 	C:\Program Files (x86)\Arduino\java\bin\javaw.exe
0x77840000 - 0x779c3000 	C:\WINDOWS\SYSTEM32\ntdll.dll
0x76440000 - 0x76520000 	C:\WINDOWS\System32\KERNEL32.DLL
0x77460000 - 0x77601000 	C:\WINDOWS\System32\KERNELBASE.dll
0x773e0000 - 0x77457000 	C:\WINDOWS\System32\ADVAPI32.dll
0x76380000 - 0x7643e000 	C:\WINDOWS\System32\msvcrt.dll
0x77020000 - 0x77061000 	C:\WINDOWS\System32\sechost.dll
0x77770000 - 0x77831000 	C:\WINDOWS\System32\RPCRT4.dll
0x74300000 - 0x7431f000 	C:\WINDOWS\System32\SspiCli.dll
0x742f0000 - 0x742fa000 	C:\WINDOWS\System32\CRYPTBASE.dll
0x771d0000 - 0x7722a000 	C:\WINDOWS\System32\bcryptPrimitives.dll
0x77610000 - 0x7776f000 	C:\WINDOWS\System32\USER32.dll
0x771b0000 - 0x771c5000 	C:\WINDOWS\System32\win32u.dll
0x772d0000 - 0x772fb000 	C:\WINDOWS\System32\GDI32.dll
0x760a0000 - 0x761fa000 	C:\WINDOWS\System32\gdi32full.dll
0x67f30000 - 0x6813a000 	C:\WINDOWS\WinSxS\x86_microsoft.windows.common-controls_6595b64144ccf1df_6.0.14393.953_none_89c2555adb023171\COMCTL32.dll
0x76540000 - 0x76751000 	C:\WINDOWS\System32\combase.dll
0x77300000 - 0x773e0000 	C:\WINDOWS\System32\ucrtbase.dll
0x745d0000 - 0x745f5000 	C:\WINDOWS\System32\IMM32.DLL
0x5f2b0000 - 0x5f36f000 	C:\Program Files (x86)\Arduino\java\bin\msvcr100.dll
0x57dc0000 - 0x5818e000 	C:\Program Files (x86)\Arduino\java\bin\client\jvm.dll
0x743b0000 - 0x743b6000 	C:\WINDOWS\System32\PSAPI.DLL
0x73c60000 - 0x73c68000 	C:\WINDOWS\SYSTEM32\VERSION.dll
0x6d7f0000 - 0x6d7f8000 	C:\WINDOWS\SYSTEM32\WSOCK32.dll
0x73b50000 - 0x73b74000 	C:\WINDOWS\SYSTEM32\WINMM.dll
0x743c0000 - 0x74423000 	C:\WINDOWS\System32\WS2_32.dll
0x6bb90000 - 0x6bbb3000 	C:\WINDOWS\SYSTEM32\WINMMBASE.dll
0x74320000 - 0x74356000 	C:\WINDOWS\System32\cfgmgr32.dll
0x6bc40000 - 0x6bc70000 	C:\Program Files (x86)\Arduino\java\bin\splashscreen.dll
0x6b8d0000 - 0x6b945000 	C:\WINDOWS\system32\uxtheme.dll
0x74600000 - 0x74735000 	C:\WINDOWS\System32\MSCTF.dll
0x77230000 - 0x772c4000 	C:\WINDOWS\System32\OLEAUT32.dll
0x76020000 - 0x7609b000 	C:\WINDOWS\System32\msvcp_win.dll
0x6d930000 - 0x6d93c000 	C:\Program Files (x86)\Arduino\java\bin\verify.dll
0x6bc10000 - 0x6bc31000 	C:\Program Files (x86)\Arduino\java\bin\java.dll
0x6bbf0000 - 0x6bc03000 	C:\Program Files (x86)\Arduino\java\bin\zip.dll
0x76d90000 - 0x76d9d000 	C:\WINDOWS\System32\kernel.appcore.dll
0x74c40000 - 0x76018000 	C:\WINDOWS\System32\SHELL32.dll
0x76760000 - 0x76cce000 	C:\WINDOWS\System32\windows.storage.dll
0x74360000 - 0x743a5000 	C:\WINDOWS\System32\powrprof.dll
0x74bf0000 - 0x74c36000 	C:\WINDOWS\System32\shlwapi.dll
0x770c0000 - 0x77148000 	C:\WINDOWS\System32\shcore.dll
0x76530000 - 0x7653f000 	C:\WINDOWS\System32\profapi.dll
0x61940000 - 0x619b2000 	C:\Program Files (x86)\Arduino\lib\listSerialsj.dll
0x74740000 - 0x74b4b000 	C:\WINDOWS\System32\SETUPAPI.dll
0x6bbd0000 - 0x6bbed000 	C:\Program Files (x86)\Arduino\lib\jnidispatch-4.2.2-win32-x86.dll
0x76f30000 - 0x7701c000 	C:\WINDOWS\System32\Ole32.dll
0x66990000 - 0x669a6000 	C:\Program Files (x86)\Arduino\java\bin\net.dll
0x72880000 - 0x728ce000 	C:\WINDOWS\system32\mswsock.dll
0x6d920000 - 0x6d92f000 	C:\Program Files (x86)\Arduino\java\bin\nio.dll
0x5b850000 - 0x5b995000 	C:\Program Files (x86)\Arduino\java\bin\awt.dll
0x71ff0000 - 0x72082000 	C:\WINDOWS\SYSTEM32\apphelp.dll
0x6d1a0000 - 0x6d1bf000 	C:\WINDOWS\system32\dwmapi.dll
0x635f0000 - 0x63629000 	C:\Program Files (x86)\Arduino\java\bin\fontmanager.dll
0x63ab0000 - 0x63b90000 	C:\WINDOWS\system32\opengl32.dll
0x63990000 - 0x63a7d000 	C:\WINDOWS\SYSTEM32\DDRAW.dll
0x63a80000 - 0x63aa5000 	C:\WINDOWS\SYSTEM32\GLU32.dll
0x63980000 - 0x63987000 	C:\WINDOWS\SYSTEM32\DCIMAN32.dll
0x62b00000 - 0x62b32000 	C:\Program Files (x86)\Arduino\java\bin\t2k.dll
0x74240000 - 0x74262000 	C:\WINDOWS\SYSTEM32\DEVOBJ.dll
0x77070000 - 0x770b4000 	C:\WINDOWS\System32\WINTRUST.dll
0x745c0000 - 0x745ce000 	C:\WINDOWS\System32\MSASN1.dll
0x76200000 - 0x7637d000 	C:\WINDOWS\System32\CRYPT32.dll
0x73890000 - 0x738bf000 	C:\WINDOWS\SYSTEM32\IPHLPAPI.DLL
0x74520000 - 0x74527000 	C:\WINDOWS\System32\NSI.dll
0x72c50000 - 0x72c63000 	C:\WINDOWS\SYSTEM32\dhcpcsvc6.DLL
0x72c30000 - 0x72c44000 	C:\WINDOWS\SYSTEM32\dhcpcsvc.DLL
0x6f8b0000 - 0x6f92d000 	C:\WINDOWS\SYSTEM32\DNSAPI.dll
0x723b0000 - 0x723b8000 	C:\Windows\System32\rasadhlp.dll
0x62930000 - 0x62999000 	C:\Program Files (x86)\Arduino\msvcp100.dll
0x5bae0000 - 0x5bb9e000 	C:\Program Files (x86)\Arduino\msvcr100.dll
0x28430000 - 0x28462000 	C:\Program Files (x86)\Arduino\lib\AStylej.dll
0x66940000 - 0x66964000 	C:\Program Files (x86)\Arduino\java\bin\dcpr.dll
0x74530000 - 0x745b4000 	C:\WINDOWS\System32\clbcatq.dll
0x5edd0000 - 0x5ef3e000 	C:\WINDOWS\SYSTEM32\WindowsCodecs.dll
0x57840000 - 0x57884000 	C:\WINDOWS\system32\dataexchange.dll
0x5b050000 - 0x5b280000 	C:\WINDOWS\system32\d3d11.dll
0x5af30000 - 0x5b043000 	C:\WINDOWS\system32\dcomp.dll
0x63cb0000 - 0x63d33000 	C:\WINDOWS\system32\dxgi.dll
0x57740000 - 0x57831000 	C:\WINDOWS\system32\twinapi.appcore.dll
0x72340000 - 0x7235b000 	C:\WINDOWS\system32\bcrypt.dll
0x68a70000 - 0x68ab9000 	C:\WINDOWS\System32\fwpuclnt.dll
0x72860000 - 0x72873000 	C:\WINDOWS\SYSTEM32\CRYPTSP.dll
0x71e00000 - 0x71e2f000 	C:\WINDOWS\system32\rsaenh.dll
0x742d0000 - 0x742ea000 	C:\WINDOWS\SYSTEM32\USERENV.dll
0x73f80000 - 0x740c5000 	C:\WINDOWS\SYSTEM32\dbghelp.dll

VM Arguments:
jvm_args: -Dsun.java2d.d3d=false -Djna.nosys=true -Djna.nounpack=true -Djna.boot.library.name=jnidispatch-4.2.2-win32-x86 -Djna.boot.library.path=C:\Program Files (x86)\Arduino/lib -Djssc.library.path=C:\Program Files (x86)\Arduino/lib -DAPP_DIR=C:\Program Files (x86)\Arduino -Xms128M -Xmx512M 
java_command: processing.app.Base C:\Users\Jacob\Desktop\GITstuff\se101-f17-group-43\ChessMain\ChessMain.ino
java_class_path (initial): C:\Program Files (x86)\Arduino\lib\apple.jar;C:\Program Files (x86)\Arduino\lib\arduino-core.jar;C:\Program Files (x86)\Arduino\lib\batik-1.8.jar;C:\Program Files (x86)\Arduino\lib\batik-anim-1.8.jar;C:\Program Files (x86)\Arduino\lib\batik-awt-util-1.8.jar;C:\Program Files (x86)\Arduino\lib\batik-bridge-1.8.jar;C:\Program Files (x86)\Arduino\lib\batik-codec-1.8.jar;C:\Program Files (x86)\Arduino\lib\batik-css-1.8.jar;C:\Program Files (x86)\Arduino\lib\batik-dom-1.8.jar;C:\Program Files (x86)\Arduino\lib\batik-ext-1.8.jar;C:\Program Files (x86)\Arduino\lib\batik-gvt-1.8.jar;C:\Program Files (x86)\Arduino\lib\batik-parser-1.8.jar;C:\Program Files (x86)\Arduino\lib\batik-rasterizer-1.8.jar;C:\Program Files (x86)\Arduino\lib\batik-script-1.8.jar;C:\Program Files (x86)\Arduino\lib\batik-squiggle-1.8.jar;C:\Program Files (x86)\Arduino\lib\batik-svg-dom-1.8.jar;C:\Program Files (x86)\Arduino\lib\batik-svgpp-1.8.jar;C:\Program Files (x86)\Arduino\lib\batik-transcoder-1.8.jar;C:\Program Files (x86)\Arduino\lib\batik-util-1.8.jar;C:\Program Files (x86)\Arduino\lib\batik-xml-1.8.jar;C:\Program Files (x86)\Arduino\lib\bcpg-jdk15on-152.jar;C:\Program Files (x86)\Arduino\lib\bcprov-jdk15on-152.jar;C:\Program Files (x86)\Arduino\lib\commons-codec-1.7.jar;C:\Program Files (x86)\Arduino\lib\commons-compress-1.8.jar;C:\Program Files (x86)\Arduino\lib\commons-exec-1.1.jar;C:\Program Files (x86)\Arduino\lib\commons-httpclient-3.1.jar;C:\Program Files (x86)\Arduino\lib\commons-lang3-3.3.2.jar;C:\Program Files (x86)\Arduino\lib\commons-logging-1.0.4.jar;C:\Program Files (x86)\Arduino\lib\commons-net-3.3.jar;C:\Program Files (x86)\Arduino\lib\jackson-annotations-2.6.3.jar;C:\Program Files (x86)\Arduino\lib\jackson-core-2.6.3.jar;C:\Program Files (x86)\Arduino\lib\jackson-databind-2.6.3.jar;C:\Program Files (x86)\Arduino\lib\jackson-module-mrbean-2.6.3.jar;C:\Program Files (x86)\Arduino\lib\java-semver-0.8.0.jar;C:\Program Files (x86)\Arduino\lib\jmdns-3.5.1.j
Launcher Type: SUN_STANDARD

Environment Variables:
PATH=C:\Program Files (x86)\Razer Chroma SDK\bin;C:\Program Files\Razer Chroma SDK\bin;C:\ProgramData\Oracle\Java\javapath;C:\Program Files (x86)\Intel\iCLS Client\;C:\Program Files\Intel\iCLS Client\;C:\WINDOWS\system32;C:\WINDOWS;C:\WINDOWS\System32\Wbem;C:\WINDOWS\System32\WindowsPowerShell\v1.0\;C:\Program Files (x86)\Intel\Intel(R) Management Engine Components\DAL;C:\Program Files\Intel\Intel(R) Management Engine Components\DAL;C:\Program Files (x86)\Intel\Intel(R) Management Engine Components\IPT;C:\Program Files\Intel\Intel(R) Management Engine Components\IPT;C:\Program Files (x86)\Skype\Phone\;C:\Program Files\PuTTY\;C:\Program Files\Git\cmd;C:\Users\Jacob\AppData\Local\Microsoft\WindowsApps;C:\Users\Jacob\AppData\Local\Microsoft\WindowsApps;;C:\Program Files (x86)\Arduino\java\bin
USERNAME=Jacob
OS=Windows_NT
PROCESSOR_IDENTIFIER=Intel64 Family 6 Model 61 Stepping 4, GenuineIntel



---------------  S Y S T E M  ---------------

OS: Windows 10.0 , 64 bit Build 14393 (10.0.14393.1198)

CPU:total 4 (initial active 4) (2 cores per cpu, 2 threads per core) family 6 model 61 stepping 4, cmov, cx8, fxsr, mmx, sse, sse2, sse3, ssse3, sse4.1, sse4.2, popcnt, avx, avx2, aes, clmul, erms, 3dnowpref, lzcnt, ht, tsc, tscinvbit, bmi1, bmi2, adx

Memory: 4k page, physical 8288980k(3250128k free), swap 17726164k(8506668k free)

vm_info: Java HotSpot(TM) Client VM (25.144-b01) for windows-x86 JRE (1.8.0_144-b01), built on Jul 21 2017 21:58:05 by "java_re" with MS VC++ 10.0 (VS2010)

time: Fri Nov 17 14:21:34 2017
elapsed time: 55957 seconds (0d 15h 32m 37s)

