#
# A fatal error has been detected by the Java Runtime Environment:
#
#  EXCEPTION_ACCESS_VIOLATION (0xc0000005) at pc=0x662a9ab1, pid=11620, tid=0x0000254c
#
# JRE version: Java(TM) SE Runtime Environment (8.0_144-b01) (build 1.8.0_144-b01)
# Java VM: Java HotSpot(TM) Client VM (25.144-b01 mixed mode windows-x86 )
# Problematic frame:
# C  [awt.dll+0xa9ab1]
#
# Failed to write core dump. Minidumps are not enabled by default on client versions of Windows
#
# If you would like to submit a bug report, please visit:
#   http://bugreport.java.com/bugreport/crash.jsp
# The crash happened outside the Java Virtual Machine in native code.
# See problematic frame for where to report the bug.
#

---------------  T H R E A D  ---------------

Current thread (0x270cb800):  JavaThread "AWT-EventQueue-0" [_thread_in_native, id=9548, stack(0x28670000,0x286c0000)]

siginfo: ExceptionCode=0xc0000005, reading address 0x00000004

Registers:
EAX=0x0000000d, EBX=0x73011f16, ECX=0x00000000, EDX=0x013bea10
ESP=0x286bdd48, EBP=0x75034840, ESI=0x273f64c8, EDI=0x27117138
EIP=0x662a9ab1, EFLAGS=0x00010293

Top of Stack: (sp=0x286bdd48)
0x286bdd48:   6622e936 73011f16 27117138 270cb940
0x286bdd58:   286bde18 286be314 6625b333 270cb940
0x286bdd68:   27117138 286be314 6625b34a 00000001
0x286bdd78:   00000000 00000000 6622bb85 270cb940
0x286bdd88:   286be314 270cb800 2857bdb0 2857bdb0
0x286bdd98:   03084515 10f72478 286bdda0 274ca968
0x286bdda8:   286be310 270cb940 00000000 2550fd10
0x286bddb8:   00000000 286bddc8 286bddec 030844e0 

Instructions: (pc=0x662a9ab1)
0x662a9a91:   00 00 c3 8b 41 04 8b 80 0c 0c 00 00 c3 8b 01 83
0x662a9aa1:   78 04 08 7e 03 33 c0 c3 8b 49 04 e9 e4 eb fe ff
0x662a9ab1:   8b 49 04 85 c9 74 05 e9 f2 e9 fe ff 33 c0 c2 04
0x662a9ac1:   00 8b 49 04 85 c9 74 05 e9 07 ea fe ff c2 04 00 


Register to memory mapping:

EAX=0x0000000d is an unknown value
EBX=0x73011f16 is an unknown value
ECX=0x00000000 is an unknown value
EDX=0x013bea10 is an unknown value
ESP=0x286bdd48 is pointing into the stack for thread: 0x270cb800
EBP=0x75034840 is an unknown value
ESI=0x273f64c8 is an unknown value
EDI=0x27117138 is an unknown value


Stack: [0x28670000,0x286c0000],  sp=0x286bdd48,  free space=311k
Native frames: (J=compiled Java code, j=interpreted, Vv=VM code, C=native code)
C  [awt.dll+0xa9ab1]

Java frames: (J=compiled Java code, j=interpreted, Vv=VM code)
j  sun.java2d.windows.GDIBlitLoops.nativeBlit(Lsun/java2d/SurfaceData;Lsun/java2d/SurfaceData;Lsun/java2d/pipe/Region;IIIIIIIIIZ)V+0
j  sun.java2d.windows.GDIBlitLoops.Blit(Lsun/java2d/SurfaceData;Lsun/java2d/SurfaceData;Ljava/awt/Composite;Lsun/java2d/pipe/Region;IIIIII)V+33
j  sun.java2d.pipe.DrawImage.blitSurfaceData(Lsun/java2d/SunGraphics2D;Lsun/java2d/pipe/Region;Lsun/java2d/SurfaceData;Lsun/java2d/SurfaceData;Lsun/java2d/loops/SurfaceType;Lsun/java2d/loops/SurfaceType;IIIIIILjava/awt/Color;)V+97
j  sun.java2d.pipe.DrawImage.renderImageCopy(Lsun/java2d/SunGraphics2D;Ljava/awt/Image;Ljava/awt/Color;IIIIII)Z+75
j  sun.java2d.pipe.DrawImage.copyImage(Lsun/java2d/SunGraphics2D;Ljava/awt/Image;IILjava/awt/Color;)Z+45
j  sun.java2d.pipe.DrawImage.copyImage(Lsun/java2d/SunGraphics2D;Ljava/awt/Image;IILjava/awt/Color;Ljava/awt/image/ImageObserver;)Z+15
j  sun.java2d.pipe.ValidatePipe.copyImage(Lsun/java2d/SunGraphics2D;Ljava/awt/Image;IILjava/awt/Color;Ljava/awt/image/ImageObserver;)Z+21
j  sun.java2d.SunGraphics2D.drawImage(Ljava/awt/Image;IILjava/awt/Color;Ljava/awt/image/ImageObserver;)Z+66
j  sun.java2d.SunGraphics2D.drawImage(Ljava/awt/Image;IILjava/awt/image/ImageObserver;)Z+7
j  javax.swing.RepaintManager$PaintManager.paintDoubleBuffered(Ljavax/swing/JComponent;Ljava/awt/Image;Ljava/awt/Graphics;IIII)V+242
j  javax.swing.RepaintManager$PaintManager.paint(Ljavax/swing/JComponent;Ljavax/swing/JComponent;Ljava/awt/Graphics;IIII)Z+116
j  javax.swing.RepaintManager.paint(Ljavax/swing/JComponent;Ljavax/swing/JComponent;Ljava/awt/Graphics;IIII)V+51
j  javax.swing.JComponent.paint(Ljava/awt/Graphics;)V+221
j  java.awt.GraphicsCallback$PaintCallback.run(Ljava/awt/Component;Ljava/awt/Graphics;)V+2
j  sun.awt.SunGraphicsCallback.runOneComponent(Ljava/awt/Component;Ljava/awt/Rectangle;Ljava/awt/Graphics;Ljava/awt/Shape;I)V+155
j  sun.awt.SunGraphicsCallback.runComponents([Ljava/awt/Component;Ljava/awt/Graphics;I)V+194
j  java.awt.Container.paint(Ljava/awt/Graphics;)V+58
j  java.awt.Window.paint(Ljava/awt/Graphics;)V+68
j  javax.swing.RepaintManager$4.run()Ljava/lang/Void;+142
j  javax.swing.RepaintManager$4.run()Ljava/lang/Object;+1
v  ~StubRoutines::call_stub
J 1550  java.security.AccessController.doPrivileged(Ljava/security/PrivilegedAction;Ljava/security/AccessControlContext;)Ljava/lang/Object; (0 bytes) @ 0x0333e987 [0x0333e920+0x67]
j  java.security.ProtectionDomain$JavaSecurityAccessImpl.doIntersectionPrivilege(Ljava/security/PrivilegedAction;Ljava/security/AccessControlContext;Ljava/security/AccessControlContext;)Ljava/lang/Object;+18
j  javax.swing.RepaintManager.paintDirtyRegions(Ljava/util/Map;)V+154
j  javax.swing.RepaintManager.paintDirtyRegions()V+46
j  javax.swing.RepaintManager.prePaintDirtyRegions()V+73
j  javax.swing.RepaintManager.access$1200(Ljavax/swing/RepaintManager;)V+1
j  javax.swing.RepaintManager$ProcessingRunnable.run()V+37
j  java.awt.event.InvocationEvent.dispatch()V+47
j  java.awt.EventQueue.dispatchEventImpl(Ljava/awt/AWTEvent;Ljava/lang/Object;)V+21
j  java.awt.EventQueue.access$500(Ljava/awt/EventQueue;Ljava/awt/AWTEvent;Ljava/lang/Object;)V+3
j  java.awt.EventQueue$3.run()Ljava/lang/Void;+32
j  java.awt.EventQueue$3.run()Ljava/lang/Object;+1
v  ~StubRoutines::call_stub
J 1550  java.security.AccessController.doPrivileged(Ljava/security/PrivilegedAction;Ljava/security/AccessControlContext;)Ljava/lang/Object; (0 bytes) @ 0x0333e987 [0x0333e920+0x67]
j  java.security.ProtectionDomain$JavaSecurityAccessImpl.doIntersectionPrivilege(Ljava/security/PrivilegedAction;Ljava/security/AccessControlContext;Ljava/security/AccessControlContext;)Ljava/lang/Object;+18
j  java.awt.EventQueue.dispatchEvent(Ljava/awt/AWTEvent;)V+46
J 1746 C1 java.awt.EventDispatchThread.pumpOneEventForFilters(I)V (295 bytes) @ 0x033ab610 [0x033aaf80+0x690]
j  java.awt.EventDispatchThread.pumpEventsForFilter(ILjava/awt/Conditional;Ljava/awt/EventFilter;)V+35
j  java.awt.EventDispatchThread.pumpEventsForHierarchy(ILjava/awt/Conditional;Ljava/awt/Component;)V+11
j  java.awt.EventDispatchThread.pumpEvents(ILjava/awt/Conditional;)V+4
j  java.awt.EventDispatchThread.pumpEvents(Ljava/awt/Conditional;)V+3
j  java.awt.EventDispatchThread.run()V+9
v  ~StubRoutines::call_stub

---------------  P R O C E S S  ---------------

Java Threads: ( => current thread )
  0x270cd800 JavaThread "JmDNS(fe80-0-0-0-571-21d1-b385-611b-wlan1.local.).State.Timer" daemon [_thread_blocked, id=1388, stack(0x269c0000,0x26a10000)]
  0x270cd000 JavaThread "JmDNS(fe80-0-0-0-571-21d1-b385-611b-wlan1.local.).Timer" daemon [_thread_blocked, id=1720, stack(0x26930000,0x26980000)]
  0x270ce800 JavaThread "SocketListener(fe80-0-0-0-571-21d1-b385-611b-wlan1.local.)" daemon [_thread_in_native, id=14840, stack(0x268a0000,0x268f0000)]
  0x27115800 JavaThread "JmDNS(10-22-20-127.local.).State.Timer" daemon [_thread_blocked, id=11352, stack(0x02a60000,0x02ab0000)]
  0x27114c00 JavaThread "JmDNS(10-22-20-127.local.).Timer" daemon [_thread_blocked, id=6300, stack(0x010f0000,0x01140000)]
  0x27115000 JavaThread "SocketListener(10-22-20-127.local.)" daemon [_thread_in_native, id=6492, stack(0x00b20000,0x00b70000)]
  0x270cc400 JavaThread "Timer-2" [_thread_blocked, id=5528, stack(0x00ed0000,0x00f20000)]
  0x270ce400 JavaThread "DestroyJavaVM" [_thread_blocked, id=6028, stack(0x01180000,0x011d0000)]
  0x270cbc00 JavaThread "TimerQueue" daemon [_thread_blocked, id=10644, stack(0x28da0000,0x28df0000)]
=>0x270cb800 JavaThread "AWT-EventQueue-0" [_thread_in_native, id=9548, stack(0x28670000,0x286c0000)]
  0x270cf000 JavaThread "AWT-Shutdown" [_thread_blocked, id=10868, stack(0x285e0000,0x28630000)]
  0x27114400 JavaThread "Batik CleanerThread" daemon [_thread_blocked, id=7776, stack(0x28300000,0x28350000)]
  0x27113c00 JavaThread "Timer-0" [_thread_blocked, id=8144, stack(0x27ee0000,0x27f30000)]
  0x270e6800 JavaThread "Multihomed mDNS.Timer" daemon [_thread_blocked, id=5480, stack(0x26d90000,0x26de0000)]
  0x270d4c00 JavaThread "cc.arduino.packages.discoverers.serial.SerialBoardsLister" [_thread_blocked, id=6432, stack(0x26d40000,0x26d90000)]
  0x26014400 JavaThread "AWT-Windows" daemon [_thread_in_native, id=7292, stack(0x264d0000,0x26520000)]
  0x25fec800 JavaThread "Java2D Disposer" daemon [_thread_blocked, id=6320, stack(0x263b0000,0x26400000)]
  0x257c1800 JavaThread "Service Thread" daemon [_thread_blocked, id=3444, stack(0x25d30000,0x25d80000)]
  0x257a0000 JavaThread "C1 CompilerThread0" daemon [_thread_blocked, id=3704, stack(0x25ca0000,0x25cf0000)]
  0x2579e400 JavaThread "Attach Listener" daemon [_thread_blocked, id=6972, stack(0x25c10000,0x25c60000)]
  0x2579c800 JavaThread "Signal Dispatcher" daemon [_thread_blocked, id=3448, stack(0x25b80000,0x25bd0000)]
  0x2578a400 JavaThread "Finalizer" daemon [_thread_blocked, id=1576, stack(0x25a00000,0x25a50000)]
  0x25774800 JavaThread "Reference Handler" daemon [_thread_blocked, id=2756, stack(0x25970000,0x259c0000)]

Other Threads:
  0x02a1e000 VMThread [stack: 0x051b0000,0x05200000] [id=1396]
  0x257cd000 WatcherThread [stack: 0x03020000,0x03070000] [id=5580]

VM state:not at safepoint (normal execution)

VM Mutex/Monitor currently owned by a thread: None

Heap:
 def new generation   total 39424K, used 15419K [0x05200000, 0x07cc0000, 0x0fca0000)
  eden space 35072K,  43% used [0x05200000, 0x06100728, 0x07440000)
  from space 4352K,   1% used [0x07440000, 0x0744e518, 0x07880000)
  to   space 4352K,   0% used [0x07880000, 0x07880000, 0x07cc0000)
 tenured generation   total 87424K, used 23765K [0x0fca0000, 0x15200000, 0x25200000)
   the space 87424K,  27% used [0x0fca0000, 0x113d5680, 0x113d5800, 0x15200000)
 Metaspace       used 18466K, capacity 18907K, committed 19072K, reserved 19840K

Card table byte_map: [0x25200000,0x25310000] byte_map_base: 0x251d7000

Polling page: 0x00fe0000

CodeCache: size=32768Kb used=3436Kb max_used=3436Kb free=29332Kb
 bounds [0x03080000, 0x033e0000, 0x05080000]
 total_blobs=2113 nmethods=1838 adapters=205
 compilation: enabled

Compilation events (10 events):
Event: 155941.214 Thread 0x257a0000 1861             java.net.DatagramSocket::isBound (5 bytes)
Event: 155941.215 Thread 0x257a0000 nmethod 1861 0x033d8fc8 code [0x033d90c0, 0x033d9140]
Event: 169546.349 Thread 0x257a0000 1862  s          java.net.DatagramPacket::getAddress (5 bytes)
Event: 169546.350 Thread 0x257a0000 nmethod 1862 0x033d9188 code [0x033d9280, 0x033d9440]
Event: 170601.887 Thread 0x257a0000 1863             javax.jmdns.impl.DNSOutgoing$MessageOutputStream::<init> (8 bytes)
Event: 170601.888 Thread 0x257a0000 nmethod 1863 0x033d94c8 code [0x033d95c0, 0x033d967c]
Event: 184813.334 Thread 0x257a0000 1864             javax.jmdns.impl.DNSEntry::<init> (274 bytes)
Event: 184813.337 Thread 0x257a0000 nmethod 1864 0x033d9708 code [0x033d99b0, 0x033da498]
Event: 184814.533 Thread 0x257a0000 1865             java.io.OutputStream::<init> (5 bytes)
Event: 184814.534 Thread 0x257a0000 nmethod 1865 0x033db188 code [0x033db280, 0x033db310]

GC Heap History (10 events):
Event: 56659.075 GC heap before
{Heap before GC invocations=6 (full 1):
 def new generation   total 39424K, used 35126K [0x05200000, 0x07cc0000, 0x0fca0000)
  eden space 35072K, 100% used [0x05200000, 0x07440000, 0x07440000)
  from space 4352K,   1% used [0x07880000, 0x0788d930, 0x07cc0000)
  to   space 4352K,   0% used [0x07440000, 0x07440000, 0x07880000)
 tenured generation   total 87424K, used 23765K [0x0fca0000, 0x15200000, 0x25200000)
   the space 87424K,  27% used [0x0fca0000, 0x113d5680, 0x113d5800, 0x15200000)
 Metaspace       used 18465K, capacity 18907K, committed 19072K, reserved 19840K
Event: 56659.105 GC heap after
Heap after GC invocations=7 (full 1):
 def new generation   total 39424K, used 54K [0x05200000, 0x07cc0000, 0x0fca0000)
  eden space 35072K,   0% used [0x05200000, 0x05200000, 0x07440000)
  from space 4352K,   1% used [0x07440000, 0x0744dbf0, 0x07880000)
  to   space 4352K,   0% used [0x07880000, 0x07880000, 0x07cc0000)
 tenured generation   total 87424K, used 23765K [0x0fca0000, 0x15200000, 0x25200000)
   the space 87424K,  27% used [0x0fca0000, 0x113d5680, 0x113d5800, 0x15200000)
 Metaspace       used 18465K, capacity 18907K, committed 19072K, reserved 19840K
}
Event: 102543.377 GC heap before
{Heap before GC invocations=7 (full 1):
 def new generation   total 39424K, used 35126K [0x05200000, 0x07cc0000, 0x0fca0000)
  eden space 35072K, 100% used [0x05200000, 0x07440000, 0x07440000)
  from space 4352K,   1% used [0x07440000, 0x0744dbf0, 0x07880000)
  to   space 4352K,   0% used [0x07880000, 0x07880000, 0x07cc0000)
 tenured generation   total 87424K, used 23765K [0x0fca0000, 0x15200000, 0x25200000)
   the space 87424K,  27% used [0x0fca0000, 0x113d5680, 0x113d5800, 0x15200000)
 Metaspace       used 18465K, capacity 18907K, committed 19072K, reserved 19840K
Event: 102543.434 GC heap after
Heap after GC invocations=8 (full 1):
 def new generation   total 39424K, used 73K [0x05200000, 0x07cc0000, 0x0fca0000)
  eden space 35072K,   0% used [0x05200000, 0x05200000, 0x07440000)
  from space 4352K,   1% used [0x07880000, 0x07892730, 0x07cc0000)
  to   space 4352K,   0% used [0x07440000, 0x07440000, 0x07880000)
 tenured generation   total 87424K, used 23765K [0x0fca0000, 0x15200000, 0x25200000)
   the space 87424K,  27% used [0x0fca0000, 0x113d5680, 0x113d5800, 0x15200000)
 Metaspace       used 18465K, capacity 18907K, committed 19072K, reserved 19840K
}
Event: 124074.173 GC heap before
{Heap before GC invocations=8 (full 1):
 def new generation   total 39424K, used 35145K [0x05200000, 0x07cc0000, 0x0fca0000)
  eden space 35072K, 100% used [0x05200000, 0x07440000, 0x07440000)
  from space 4352K,   1% used [0x07880000, 0x07892730, 0x07cc0000)
  to   space 4352K,   0% used [0x07440000, 0x07440000, 0x07880000)
 tenured generation   total 87424K, used 23765K [0x0fca0000, 0x15200000, 0x25200000)
   the space 87424K,  27% used [0x0fca0000, 0x113d5680, 0x113d5800, 0x15200000)
 Metaspace       used 18465K, capacity 18907K, committed 19072K, reserved 19840K
Event: 124074.210 GC heap after
Heap after GC invocations=9 (full 1):
 def new generation   total 39424K, used 64K [0x05200000, 0x07cc0000, 0x0fca0000)
  eden space 35072K,   0% used [0x05200000, 0x05200000, 0x07440000)
  from space 4352K,   1% used [0x07440000, 0x074503f0, 0x07880000)
  to   space 4352K,   0% used [0x07880000, 0x07880000, 0x07cc0000)
 tenured generation   total 87424K, used 23765K [0x0fca0000, 0x15200000, 0x25200000)
   the space 87424K,  27% used [0x0fca0000, 0x113d5680, 0x113d5800, 0x15200000)
 Metaspace       used 18465K, capacity 18907K, committed 19072K, reserved 19840K
}
Event: 145567.410 GC heap before
{Heap before GC invocations=9 (full 1):
 def new generation   total 39424K, used 35136K [0x05200000, 0x07cc0000, 0x0fca0000)
  eden space 35072K, 100% used [0x05200000, 0x07440000, 0x07440000)
  from space 4352K,   1% used [0x07440000, 0x074503f0, 0x07880000)
  to   space 4352K,   0% used [0x07880000, 0x07880000, 0x07cc0000)
 tenured generation   total 87424K, used 23765K [0x0fca0000, 0x15200000, 0x25200000)
   the space 87424K,  27% used [0x0fca0000, 0x113d5680, 0x113d5800, 0x15200000)
 Metaspace       used 18465K, capacity 18907K, committed 19072K, reserved 19840K
Event: 145567.467 GC heap after
Heap after GC invocations=10 (full 1):
 def new generation   total 39424K, used 72K [0x05200000, 0x07cc0000, 0x0fca0000)
  eden space 35072K,   0% used [0x05200000, 0x05200000, 0x07440000)
  from space 4352K,   1% used [0x07880000, 0x07892388, 0x07cc0000)
  to   space 4352K,   0% used [0x07440000, 0x07440000, 0x07880000)
 tenured generation   total 87424K, used 23765K [0x0fca0000, 0x15200000, 0x25200000)
   the space 87424K,  27% used [0x0fca0000, 0x113d5680, 0x113d5800, 0x15200000)
 Metaspace       used 18465K, capacity 18907K, committed 19072K, reserved 19840K
}
Event: 167597.995 GC heap before
{Heap before GC invocations=10 (full 1):
 def new generation   total 39424K, used 35144K [0x05200000, 0x07cc0000, 0x0fca0000)
  eden space 35072K, 100% used [0x05200000, 0x07440000, 0x07440000)
  from space 4352K,   1% used [0x07880000, 0x07892388, 0x07cc0000)
  to   space 4352K,   0% used [0x07440000, 0x07440000, 0x07880000)
 tenured generation   total 87424K, used 23765K [0x0fca0000, 0x15200000, 0x25200000)
   the space 87424K,  27% used [0x0fca0000, 0x113d5680, 0x113d5800, 0x15200000)
 Metaspace       used 18465K, capacity 18907K, committed 19072K, reserved 19840K
Event: 167598.029 GC heap after
Heap after GC invocations=11 (full 1):
 def new generation   total 39424K, used 57K [0x05200000, 0x07cc0000, 0x0fca0000)
  eden space 35072K,   0% used [0x05200000, 0x05200000, 0x07440000)
  from space 4352K,   1% used [0x07440000, 0x0744e518, 0x07880000)
  to   space 4352K,   0% used [0x07880000, 0x07880000, 0x07cc0000)
 tenured generation   total 87424K, used 23765K [0x0fca0000, 0x15200000, 0x25200000)
   the space 87424K,  27% used [0x0fca0000, 0x113d5680, 0x113d5800, 0x15200000)
 Metaspace       used 18465K, capacity 18907K, committed 19072K, reserved 19840K
}

Deoptimization events (0 events):
No events

Internal exceptions (10 events):
Event: 89598.488 Thread 0x270e6800 Exception <a 'java/net/SocketException': error setting options> (0x067a7110) thrown at [C:\workspace\8-2-build-windows-i586-cygwin\jdk8u144\9417\hotspot\src\share\vm\prims\jni.cpp, line 735]
Event: 89598.488 Thread 0x27115800 Exception <a 'java/net/SocketException': socket closed> (0x06658e78) thrown at [C:\workspace\8-2-build-windows-i586-cygwin\jdk8u144\9417\hotspot\src\share\vm\prims\jni.cpp, line 735]
Event: 89604.680 Thread 0x270e6800 Exception <a 'java/net/UnknownHostException': DESKTOP-3CMHFHK.uwaterloo.ca> (0x067ab258) thrown at [C:\workspace\8-2-build-windows-i586-cygwin\jdk8u144\9417\hotspot\src\share\vm\prims\jni.cpp, line 735]
Event: 100116.140 Thread 0x270cc800 Exception <a 'java/net/SocketException': socket closed> (0x06a88f58) thrown at [C:\workspace\8-2-build-windows-i586-cygwin\jdk8u144\9417\hotspot\src\share\vm\prims\jni.cpp, line 735]
Event: 100122.155 Thread 0x270ce800 Exception <a 'java/net/SocketException': socket closed> (0x06e34798) thrown at [C:\workspace\8-2-build-windows-i586-cygwin\jdk8u144\9417\hotspot\src\share\vm\prims\jni.cpp, line 735]
Event: 100123.336 Thread 0x270e6800 Exception <a 'java/net/UnknownHostException': DESKTOP-3CMHFHK.uwaterloo.ca> (0x06f0b588) thrown at [C:\workspace\8-2-build-windows-i586-cygwin\jdk8u144\9417\hotspot\src\share\vm\prims\jni.cpp, line 735]
Event: 127389.340 Thread 0x27114c00 Exception <a 'java/net/SocketException': socket closed> (0x054f13e8) thrown at [C:\workspace\8-2-build-windows-i586-cygwin\jdk8u144\9417\hotspot\src\share\vm\prims\jni.cpp, line 735]
Event: 127395.397 Thread 0x270cd000 Exception <a 'java/net/SocketException': socket closed> (0x054eb928) thrown at [C:\workspace\8-2-build-windows-i586-cygwin\jdk8u144\9417\hotspot\src\share\vm\prims\jni.cpp, line 735]
Event: 127396.609 Thread 0x270e6800 Exception <a 'java/net/UnknownHostException': DESKTOP-3CMHFHK.uwaterloo.ca> (0x05751680) thrown at [C:\workspace\8-2-build-windows-i586-cygwin\jdk8u144\9417\hotspot\src\share\vm\prims\jni.cpp, line 735]
Event: 184811.098 Thread 0x270e6800 Exception <a 'java/net/UnknownHostException': DESKTOP-3CMHFHK.uwaterloo.ca> (0x05c21788) thrown at [C:\workspace\8-2-build-windows-i586-cygwin\jdk8u144\9417\hotspot\src\share\vm\prims\jni.cpp, line 735]

Events (10 events):
Event: 184811.534 Executing VM operation: RevokeBias done
Event: 184814.335 Executing VM operation: RevokeBias
Event: 184814.337 Executing VM operation: RevokeBias done
Event: 184814.534 Executing VM operation: RevokeBias
Event: 184814.534 Executing VM operation: RevokeBias done
Event: 184871.535 Executing VM operation: RevokeBias
Event: 184871.536 Executing VM operation: RevokeBias done
Event: 184871.536 Thread 0x270cc800 Thread exited: 0x270cc800
Event: 185804.067 loading class sun/awt/windows/WInputMethod$1
Event: 185804.145 loading class sun/awt/windows/WInputMethod$1 done


Dynamic libraries:
0x00b80000 - 0x00bb3000 	C:\Program Files (x86)\Arduino\java\bin\javaw.exe
0x773d0000 - 0x77553000 	C:\WINDOWS\SYSTEM32\ntdll.dll
0x74750000 - 0x74830000 	C:\WINDOWS\System32\KERNEL32.DLL
0x75660000 - 0x75801000 	C:\WINDOWS\System32\KERNELBASE.dll
0x74e00000 - 0x74e77000 	C:\WINDOWS\System32\ADVAPI32.dll
0x74830000 - 0x748ee000 	C:\WINDOWS\System32\msvcrt.dll
0x73f60000 - 0x73fa1000 	C:\WINDOWS\System32\sechost.dll
0x74030000 - 0x740f1000 	C:\WINDOWS\System32\RPCRT4.dll
0x73e90000 - 0x73eaf000 	C:\WINDOWS\System32\SspiCli.dll
0x73e80000 - 0x73e8a000 	C:\WINDOWS\System32\CRYPTBASE.dll
0x73eb0000 - 0x73f0a000 	C:\WINDOWS\System32\bcryptPrimitives.dll
0x74ed0000 - 0x7502f000 	C:\WINDOWS\System32\USER32.dll
0x74000000 - 0x74015000 	C:\WINDOWS\System32\win32u.dll
0x75030000 - 0x7505b000 	C:\WINDOWS\System32\GDI32.dll
0x77180000 - 0x772da000 	C:\WINDOWS\System32\gdi32full.dll
0x67b00000 - 0x67d0a000 	C:\WINDOWS\WinSxS\x86_microsoft.windows.common-controls_6595b64144ccf1df_6.0.14393.953_none_89c2555adb023171\COMCTL32.dll
0x76d90000 - 0x76fa1000 	C:\WINDOWS\System32\combase.dll
0x758d0000 - 0x759b0000 	C:\WINDOWS\System32\ucrtbase.dll
0x74dd0000 - 0x74df5000 	C:\WINDOWS\System32\IMM32.DLL
0x66720000 - 0x667df000 	C:\Program Files (x86)\Arduino\java\bin\msvcr100.dll
0x66350000 - 0x6671e000 	C:\Program Files (x86)\Arduino\java\bin\client\jvm.dll
0x74dc0000 - 0x74dc6000 	C:\WINDOWS\System32\PSAPI.DLL
0x6c790000 - 0x6c798000 	C:\WINDOWS\SYSTEM32\WSOCK32.dll
0x6fdf0000 - 0x6fe14000 	C:\WINDOWS\SYSTEM32\WINMM.dll
0x73890000 - 0x73898000 	C:\WINDOWS\SYSTEM32\VERSION.dll
0x77020000 - 0x77083000 	C:\WINDOWS\System32\WS2_32.dll
0x00f50000 - 0x00f73000 	C:\WINDOWS\SYSTEM32\WINMMBASE.dll
0x74be0000 - 0x74c16000 	C:\WINDOWS\System32\cfgmgr32.dll
0x66c80000 - 0x66cb0000 	C:\Program Files (x86)\Arduino\java\bin\splashscreen.dll
0x72990000 - 0x72a05000 	C:\WINDOWS\system32\uxtheme.dll
0x72ac0000 - 0x72acc000 	C:\Program Files (x86)\Arduino\java\bin\verify.dll
0x74170000 - 0x742a5000 	C:\WINDOWS\System32\MSCTF.dll
0x75810000 - 0x758a4000 	C:\WINDOWS\System32\OLEAUT32.dll
0x74c90000 - 0x74d0b000 	C:\WINDOWS\System32\msvcp_win.dll
0x66c50000 - 0x66c71000 	C:\Program Files (x86)\Arduino\java\bin\java.dll
0x74020000 - 0x7402d000 	C:\WINDOWS\System32\kernel.appcore.dll
0x669d0000 - 0x669e3000 	C:\Program Files (x86)\Arduino\java\bin\zip.dll
0x759b0000 - 0x76d88000 	C:\WINDOWS\System32\SHELL32.dll
0x75060000 - 0x755ce000 	C:\WINDOWS\System32\windows.storage.dll
0x74e80000 - 0x74ec5000 	C:\WINDOWS\System32\powrprof.dll
0x73f10000 - 0x73f56000 	C:\WINDOWS\System32\shlwapi.dll
0x755d0000 - 0x75658000 	C:\WINDOWS\System32\shcore.dll
0x74db0000 - 0x74dbf000 	C:\WINDOWS\System32\profapi.dll
0x61940000 - 0x619b2000 	C:\Program Files (x86)\Arduino\lib\listSerialsj.dll
0x742b0000 - 0x746bb000 	C:\WINDOWS\System32\SETUPAPI.dll
0x669b0000 - 0x669cd000 	C:\Program Files (x86)\Arduino\lib\jnidispatch-4.2.2-win32-x86.dll
0x772e0000 - 0x773cc000 	C:\WINDOWS\System32\Ole32.dll
0x66990000 - 0x669a6000 	C:\Program Files (x86)\Arduino\java\bin\net.dll
0x72460000 - 0x724ae000 	C:\WINDOWS\system32\mswsock.dll
0x66c40000 - 0x66c4f000 	C:\Program Files (x86)\Arduino\java\bin\nio.dll
0x66200000 - 0x66345000 	C:\Program Files (x86)\Arduino\java\bin\awt.dll
0x700e0000 - 0x70172000 	C:\WINDOWS\SYSTEM32\apphelp.dll
0x6fda0000 - 0x6fdbf000 	C:\WINDOWS\system32\dwmapi.dll
0x66950000 - 0x66989000 	C:\Program Files (x86)\Arduino\java\bin\fontmanager.dll
0x5f5d0000 - 0x5f6b0000 	C:\WINDOWS\system32\opengl32.dll
0x657a0000 - 0x657c5000 	C:\WINDOWS\SYSTEM32\GLU32.dll
0x5e240000 - 0x5e32d000 	C:\WINDOWS\SYSTEM32\DDRAW.dll
0x65790000 - 0x65797000 	C:\WINDOWS\SYSTEM32\DCIMAN32.dll
0x661c0000 - 0x661f2000 	C:\Program Files (x86)\Arduino\java\bin\t2k.dll
0x73590000 - 0x735bf000 	C:\WINDOWS\SYSTEM32\IPHLPAPI.DLL
0x74160000 - 0x74167000 	C:\WINDOWS\System32\NSI.dll
0x724d0000 - 0x724e3000 	C:\WINDOWS\SYSTEM32\dhcpcsvc6.DLL
0x724b0000 - 0x724c4000 	C:\WINDOWS\SYSTEM32\dhcpcsvc.DLL
0x6d2f0000 - 0x6d36d000 	C:\WINDOWS\SYSTEM32\DNSAPI.dll
0x71d40000 - 0x71d48000 	C:\Windows\System32\rasadhlp.dll
0x66150000 - 0x661b9000 	C:\Program Files (x86)\Arduino\msvcp100.dll
0x66090000 - 0x6614e000 	C:\Program Files (x86)\Arduino\msvcr100.dll
0x28030000 - 0x28062000 	C:\Program Files (x86)\Arduino\lib\AStylej.dll
0x66060000 - 0x66084000 	C:\Program Files (x86)\Arduino\java\bin\dcpr.dll
0x746c0000 - 0x74744000 	C:\WINDOWS\System32\clbcatq.dll
0x567d0000 - 0x5693e000 	C:\WINDOWS\SYSTEM32\WindowsCodecs.dll
0x52970000 - 0x529b4000 	C:\WINDOWS\system32\dataexchange.dll
0x5b6a0000 - 0x5b8d0000 	C:\WINDOWS\system32\d3d11.dll
0x52850000 - 0x52963000 	C:\WINDOWS\system32\dcomp.dll
0x63610000 - 0x63693000 	C:\WINDOWS\system32\dxgi.dll
0x66d80000 - 0x66e71000 	C:\WINDOWS\system32\twinapi.appcore.dll
0x71d10000 - 0x71d2b000 	C:\WINDOWS\system32\bcrypt.dll
0x6a4a0000 - 0x6a4e9000 	C:\WINDOWS\System32\fwpuclnt.dll
0x73b10000 - 0x73c55000 	C:\WINDOWS\SYSTEM32\dbghelp.dll

VM Arguments:
jvm_args: -Dsun.java2d.d3d=false -Djna.nosys=true -Djna.nounpack=true -Djna.boot.library.name=jnidispatch-4.2.2-win32-x86 -Djna.boot.library.path=C:\Program Files (x86)\Arduino/lib -Djssc.library.path=C:\Program Files (x86)\Arduino/lib -DAPP_DIR=C:\Program Files (x86)\Arduino -Xms128M -Xmx512M 
java_command: processing.app.Base C:\Users\Jacob\Desktop\GITstuff\se101-f17-group-43\ChessMain\ChessMain.ino
java_class_path (initial): C:\Program Files (x86)\Arduino\lib\apple.jar;C:\Program Files (x86)\Arduino\lib\arduino-core.jar;C:\Program Files (x86)\Arduino\lib\batik-1.8.jar;C:\Program Files (x86)\Arduino\lib\batik-anim-1.8.jar;C:\Program Files (x86)\Arduino\lib\batik-awt-util-1.8.jar;C:\Program Files (x86)\Arduino\lib\batik-bridge-1.8.jar;C:\Program Files (x86)\Arduino\lib\batik-codec-1.8.jar;C:\Program Files (x86)\Arduino\lib\batik-css-1.8.jar;C:\Program Files (x86)\Arduino\lib\batik-dom-1.8.jar;C:\Program Files (x86)\Arduino\lib\batik-ext-1.8.jar;C:\Program Files (x86)\Arduino\lib\batik-gvt-1.8.jar;C:\Program Files (x86)\Arduino\lib\batik-parser-1.8.jar;C:\Program Files (x86)\Arduino\lib\batik-rasterizer-1.8.jar;C:\Program Files (x86)\Arduino\lib\batik-script-1.8.jar;C:\Program Files (x86)\Arduino\lib\batik-squiggle-1.8.jar;C:\Program Files (x86)\Arduino\lib\batik-svg-dom-1.8.jar;C:\Program Files (x86)\Arduino\lib\batik-svgpp-1.8.jar;C:\Program Files (x86)\Arduino\lib\batik-transcoder-1.8.jar;C:\Program Files (x86)\Arduino\lib\batik-util-1.8.jar;C:\Program Files (x86)\Arduino\lib\batik-xml-1.8.jar;C:\Program Files (x86)\Arduino\lib\bcpg-jdk15on-152.jar;C:\Program Files (x86)\Arduino\lib\bcprov-jdk15on-152.jar;C:\Program Files (x86)\Arduino\lib\commons-codec-1.7.jar;C:\Program Files (x86)\Arduino\lib\commons-compress-1.8.jar;C:\Program Files (x86)\Arduino\lib\commons-exec-1.1.jar;C:\Program Files (x86)\Arduino\lib\commons-httpclient-3.1.jar;C:\Program Files (x86)\Arduino\lib\commons-lang3-3.3.2.jar;C:\Program Files (x86)\Arduino\lib\commons-logging-1.0.4.jar;C:\Program Files (x86)\Arduino\lib\commons-net-3.3.jar;C:\Program Files (x86)\Arduino\lib\jackson-annotations-2.6.3.jar;C:\Program Files (x86)\Arduino\lib\jackson-core-2.6.3.jar;C:\Program Files (x86)\Arduino\lib\jackson-databind-2.6.3.jar;C:\Program Files (x86)\Arduino\lib\jackson-module-mrbean-2.6.3.jar;C:\Program Files (x86)\Arduino\lib\java-semver-0.8.0.jar;C:\Program Files (x86)\Arduino\lib\jmdns-3.5.1.j
Launcher Type: SUN_STANDARD

Environment Variables:
PATH=C:\Program Files (x86)\Razer Chroma SDK\bin;C:\Program Files\Razer Chroma SDK\bin;C:\ProgramData\Oracle\Java\javapath;C:\Program Files (x86)\Intel\iCLS Client\;C:\Program Files\Intel\iCLS Client\;C:\WINDOWS\system32;C:\WINDOWS;C:\WINDOWS\System32\Wbem;C:\WINDOWS\System32\WindowsPowerShell\v1.0\;C:\Program Files (x86)\Intel\Intel(R) Management Engine Components\DAL;C:\Program Files\Intel\Intel(R) Management Engine Components\DAL;C:\Program Files (x86)\Intel\Intel(R) Management Engine Components\IPT;C:\Program Files\Intel\Intel(R) Management Engine Components\IPT;C:\Program Files (x86)\Skype\Phone\;C:\Program Files\PuTTY\;C:\Program Files\Git\cmd;C:\Users\Jacob\AppData\Local\Microsoft\WindowsApps;C:\Users\Jacob\AppData\Local\Microsoft\WindowsApps;;C:\Program Files (x86)\Arduino\java\bin
USERNAME=Jacob
OS=Windows_NT
PROCESSOR_IDENTIFIER=Intel64 Family 6 Model 61 Stepping 4, GenuineIntel



---------------  S Y S T E M  ---------------

OS: Windows 10.0 , 64 bit Build 14393 (10.0.14393.1198)

CPU:total 4 (initial active 4) (2 cores per cpu, 2 threads per core) family 6 model 61 stepping 4, cmov, cx8, fxsr, mmx, sse, sse2, sse3, ssse3, sse4.1, sse4.2, popcnt, avx, avx2, aes, clmul, erms, 3dnowpref, lzcnt, ht, tsc, tscinvbit, bmi1, bmi2, adx

Memory: 4k page, physical 8288980k(4067312k free), swap 18250452k(11616016k free)

vm_info: Java HotSpot(TM) Client VM (25.144-b01) for windows-x86 JRE (1.8.0_144-b01), built on Jul 21 2017 21:58:05 by "java_re" with MS VC++ 10.0 (VS2010)

time: Sat Oct 28 16:20:16 2017
elapsed time: 185804 seconds (2d 3h 36m 44s)

